{"environment":"production","level":"info","message":"Server running on port 5000 in production mode","service":"meditrack-api","timestamp":"2026-04-30T11:50:57.160Z"}
{"environment":"production","level":"info","message":"MongoDB Connected: localhost","service":"meditrack-api","timestamp":"2026-04-30T11:50:57.653Z"}
{"environment":"production","errorCode":"INVALID_CREDENTIALS","ip":"::1","isOperational":true,"level":"error","message":"Invalid email or password","method":"POST","service":"meditrack-api","stack":"Error: Invalid email or password\n    at C:\\Users\\LENOVO\\Desktop\\Medicine\\backend\\controllers\\authController.js:53:15\n    at process.processTicksAndRejections (node:internal/process/task_queues:103:5)","statusCode":401,"timestamp":"2026-04-30T11:52:22.205Z","url":"/api/auth/login"}
{"environment":"production","ip":"::1","level":"info","message":"New user registered","method":"POST","service":"meditrack-api","timestamp":"2026-04-30T11:52:59.532Z","url":"/api/auth/register","userId":"69f3429aaf5c610cc861a927"}
{"environment":"production","ip":"::1","level":"info","message":"Profile updated","method":"PUT","service":"meditrack-api","timestamp":"2026-04-30T11:53:22.516Z","url":"/api/auth/profile","userId":"69f3429aaf5c610cc861a927"}
{"environment":"production","ip":"::1","level":"info","medicineId":"69f342f3af5c610cc861a955","message":"Medicine created","method":"POST","service":"meditrack-api","timestamp":"2026-04-30T11:54:27.439Z","url":"/api/medicines","userId":"69f3429aaf5c610cc861a927"}
{"environment":"production","ip":"::1","level":"info","medicineId":"69f342f3af5c610cc861a955","message":"Medicine marked as taken","method":"POST","service":"meditrack-api","timestamp":"2026-04-30T11:55:44.828Z","url":"/api/medicines/69f342f3af5c610cc861a955/take","userId":"69f3429aaf5c610cc861a927"}
{"environment":"production","ip":"::1","level":"info","message":"Reminder snoozed","method":"POST","minutes":10,"reminderId":"69f342f3af5c610cc861a958","service":"meditrack-api","timestamp":"2026-04-30T11:57:07.977Z","url":"/api/reminders/69f342f3af5c610cc861a958/snooze","userId":"69f3429aaf5c610cc861a927"}
{"environment":"production","ip":"::1","level":"info","message":"Reminder snoozed","method":"POST","minutes":10,"reminderId":"69f342f3af5c610cc861a958","service":"meditrack-api","timestamp":"2026-04-30T11:57:14.595Z","url":"/api/reminders/69f342f3af5c610cc861a958/snooze","userId":"69f3429aaf5c610cc861a927"}
{"environment":"production","ip":"::1","level":"info","message":"Reminder dismissed","method":"POST","reminderId":"69f342f3af5c610cc861a958","service":"meditrack-api","timestamp":"2026-04-30T11:57:16.819Z","url":"/api/reminders/69f342f3af5c610cc861a958/dismiss","userId":"69f3429aaf5c610cc861a927"}
{"environment":"production","ip":"::1","level":"info","message":"User logged in","method":"POST","service":"meditrack-api","timestamp":"2026-04-30T11:57:50.953Z","url":"/api/auth/login","userId":"69f3429aaf5c610cc861a927"}
{"environment":"production","ip":"::1","level":"info","message":"User logged in","method":"POST","service":"meditrack-api","timestamp":"2026-04-30T11:58:00.088Z","url":"/api/auth/login","userId":"69f3429aaf5c610cc861a927"}
{"environment":"production","ip":"::1","level":"info","medicineId":"69f342f3af5c610cc861a955","message":"Medicine marked as taken","method":"POST","service":"meditrack-api","timestamp":"2026-04-30T12:03:25.350Z","url":"/api/medicines/69f342f3af5c610cc861a955/take","userId":"69f3429aaf5c610cc861a927"}
{"environment":"production","ip":"::1","level":"info","medicineId":"69f342f3af5c610cc861a955","message":"Medicine marked as taken","method":"POST","service":"meditrack-api","timestamp":"2026-04-30T12:03:25.998Z","url":"/api/medicines/69f342f3af5c610cc861a955/take","userId":"69f3429aaf5c610cc861a927"}
{"environment":"production","ip":"::1","level":"info","medicineId":"69f342f3af5c610cc861a955","message":"Medicine marked as taken","method":"POST","service":"meditrack-api","timestamp":"2026-04-30T12:03:26.288Z","url":"/api/medicines/69f342f3af5c610cc861a955/take","userId":"69f3429aaf5c610cc861a927"}
{"environment":"production","ip":"::1","level":"info","medicineId":"69f342f3af5c610cc861a955","message":"Medicine marked as taken","method":"POST","service":"meditrack-api","timestamp":"2026-04-30T12:03:26.563Z","url":"/api/medicines/69f342f3af5c610cc861a955/take","userId":"69f3429aaf5c610cc861a927"}
{"environment":"production","ip":"::1","level":"info","medicineId":"69f342f3af5c610cc861a955","message":"Medicine marked as taken","method":"POST","service":"meditrack-api","timestamp":"2026-04-30T12:03:26.862Z","url":"/api/medicines/69f342f3af5c610cc861a955/take","userId":"69f3429aaf5c610cc861a927"}
{"environment":"production","ip":"::1","level":"info","medicineId":"69f342f3af5c610cc861a955","message":"Medicine marked as taken","method":"POST","service":"meditrack-api","timestamp":"2026-04-30T12:03:27.162Z","url":"/api/medicines/69f342f3af5c610cc861a955/take","userId":"69f3429aaf5c610cc861a927"}
{"environment":"production","ip":"::1","level":"info","medicineId":"69f342f3af5c610cc861a955","message":"Medicine marked as taken","method":"POST","service":"meditrack-api","timestamp":"2026-04-30T12:03:27.462Z","url":"/api/medicines/69f342f3af5c610cc861a955/take","userId":"69f3429aaf5c610cc861a927"}
{"environment":"production","ip":"::1","level":"info","medicineId":"69f342f3af5c610cc861a955","message":"Medicine marked as taken","method":"POST","service":"meditrack-api","timestamp":"2026-04-30T12:03:28.338Z","url":"/api/medicines/69f342f3af5c610cc861a955/take","userId":"69f3429aaf5c610cc861a927"}
{"environment":"production","ip":"::1","level":"info","medicineId":"69f342f3af5c610cc861a955","message":"Medicine marked as taken","method":"POST","service":"meditrack-api","timestamp":"2026-04-30T12:03:28.651Z","url":"/api/medicines/69f342f3af5c610cc861a955/take","userId":"69f3429aaf5c610cc861a927"}
{"environment":"production","ip":"::1","level":"info","medicineId":"69f342f3af5c610cc861a955","message":"Medicine marked as taken","method":"POST","service":"meditrack-api","timestamp":"2026-04-30T12:03:28.974Z","url":"/api/medicines/69f342f3af5c610cc861a955/take","userId":"69f3429aaf5c610cc861a927"}
{"environment":"production","ip":"::1","level":"info","medicineId":"69f342f3af5c610cc861a955","message":"Medicine marked as taken","method":"POST","service":"meditrack-api","timestamp":"2026-04-30T12:03:29.813Z","url":"/api/medicines/69f342f3af5c610cc861a955/take","userId":"69f3429aaf5c610cc861a927"}
{"environment":"production","ip":"::1","level":"info","medicineId":"69f342f3af5c610cc861a955","message":"Medicine marked as taken","method":"POST","service":"meditrack-api","timestamp":"2026-04-30T12:03:30.102Z","url":"/api/medicines/69f342f3af5c610cc861a955/take","userId":"69f3429aaf5c610cc861a927"}
{"environment":"production","ip":"::1","level":"info","medicineId":"69f342f3af5c610cc861a955","message":"Medicine marked as taken","method":"POST","service":"meditrack-api","timestamp":"2026-04-30T12:03:30.413Z","url":"/api/medicines/69f342f3af5c610cc861a955/take","userId":"69f3429aaf5c610cc861a927"}
{"environment":"production","ip":"::1","level":"info","medicineId":"69f342f3af5c610cc861a955","message":"Medicine marked as taken","method":"POST","service":"meditrack-api","timestamp":"2026-04-30T12:03:32.840Z","url":"/api/medicines/69f342f3af5c610cc861a955/take","userId":"69f3429aaf5c610cc861a927"}
{"environment":"production","ip":"::1","level":"info","medicineId":"69f342f3af5c610cc861a955","message":"Medicine deleted","method":"DELETE","service":"meditrack-api","timestamp":"2026-04-30T12:03:37.218Z","url":"/api/medicines/69f342f3af5c610cc861a955","userId":"69f3429aaf5c610cc861a927"}
{"environment":"production","level":"info","message":"Server running on port 5000 in production mode","service":"meditrack-api","timestamp":"2026-04-30T12:13:14.850Z"}
{"environment":"production","level":"info","message":"MongoDB Connected: localhost","service":"meditrack-api","timestamp":"2026-04-30T12:13:14.917Z"}
{"environment":"production","level":"info","message":"Server running on port 5000 in production mode","service":"meditrack-api","timestamp":"2026-04-30T12:45:31.299Z"}
{"environment":"production","level":"info","message":"MongoDB Connected: localhost","service":"meditrack-api","timestamp":"2026-04-30T12:45:31.731Z"}
{"environment":"production","level":"info","message":"Server running on port 5000 in production mode","service":"meditrack-api","timestamp":"2026-04-30T12:46:39.251Z"}
{"environment":"production","level":"info","message":"MongoDB Connected: localhost","service":"meditrack-api","timestamp":"2026-04-30T12:46:39.314Z"}
{"environment":"production","ip":"::1","level":"info","message":"User logged in","method":"POST","service":"meditrack-api","timestamp":"2026-04-30T12:46:43.415Z","url":"/api/auth/login","userId":"69f3429aaf5c610cc861a927"}
{"environment":"production","ip":"::1","level":"info","message":"User logged in","method":"POST","service":"meditrack-api","timestamp":"2026-04-30T12:47:43.574Z","url":"/api/auth/login","userId":"69f3429aaf5c610cc861a927"}
{"environment":"production","level":"info","message":"Server running on port 5000 in production mode","service":"meditrack-api","timestamp":"2026-05-04T05:19:06.179Z"}
{"environment":"production","level":"info","message":"MongoDB Connected: localhost","service":"meditrack-api","timestamp":"2026-05-04T05:19:06.527Z"}
{"environment":"production","level":"info","message":"Server running on port 5000 in production mode","service":"meditrack-api","timestamp":"2026-05-04T05:20:25.863Z"}
{"environment":"production","level":"info","message":"MongoDB Connected: localhost","service":"meditrack-api","timestamp":"2026-05-04T05:20:25.932Z"}
